<html>
<head>
<title>TestNG:  TestFirefox</title>
<link href="../testng.css" rel="stylesheet" type="text/css" />
<link href="../my-testng.css" rel="stylesheet" type="text/css" />

<style type="text/css">
.log { display: none;} 
.stack-trace { display: none;} 
</style>
<script type="text/javascript">
<!--
function flip(e) {
  current = e.style.display;
  if (current == 'block') {
    e.style.display = 'none';
    return 0;
  }
  else {
    e.style.display = 'block';
    return 1;
  }
}

function toggleBox(szDivId, elem, msg1, msg2)
{
  var res = -1;  if (document.getElementById) {
    res = flip(document.getElementById(szDivId));
  }
  else if (document.all) {
    // this is the way old msie versions work
    res = flip(document.all[szDivId]);
  }
  if(elem) {
    if(res == 0) elem.innerHTML = msg1; else elem.innerHTML = msg2;
  }

}

function toggleAllBoxes() {
  if (document.getElementsByTagName) {
    d = document.getElementsByTagName('div');
    for (i = 0; i < d.length; i++) {
      if (d[i].className == 'log') {
        flip(d[i]);
      }
    }
  }
}

// -->
</script>

</head>
<body>
<h2 align='center'>TestFirefox</h2><table border='1' align="center">
<tr>
<td>Tests passed/Failed/Skipped:</td><td>0/1/0</td>
</tr><tr>
<td>Started on:</td><td>Mon Jun 08 11:17:11 EDT 2015</td>
</tr>
<tr><td>Total time:</td><td>51 seconds (51305 ms)</td>
</tr><tr>
<td>Included groups:</td><td></td>
</tr><tr>
<td>Excluded groups:</td><td></td>
</tr>
</table><p/>
<small><i>(Hover the method name to see the test class name)</i></small><p/>
<table width='100%' border='1' class='invocation-failed'>
<tr><td colspan='4' align='center'><b>FAILED CONFIGURATIONS</b></td></tr>
<tr><td><b>Test method</b></td>
<td width="30%"><b>Exception</b></td>
<td width="10%"><b>Time (seconds)</b></td>
<td><b>Instance</b></td>
</tr>
<tr>
<td title='tests.UserLogOut.closeBrowser()'><b>closeBrowser</b><br>Test class: tests.UserLogOut<br>Parameters: [TestResult name=UserLogOutTest status=FAILURE method=UserLogOut.UserLogOutTest(java.lang.String)[pri:0, instance:tests.UserLogOut@6d8a00e3] output={null}]</td>
<td><div><pre>java.lang.NullPointerException
	at tests.UserLogOut.closeBrowser(UserLogOut.java:38)
	at java.util.concurrent.FutureTask.run(FutureTask.java:266)
	at java.util.concurrent.ThreadPoolExecutor.runWorker(ThreadPoolExecutor.java:1142)
	at java.util.concurrent.ThreadPoolExecutor$Worker.run(ThreadPoolExecutor.java:617)
	at java.lang.Thread.run(Thread.java:745)
... Removed 18 stack frames</pre></div><a href='#' onClick='toggleBox("stack-trace1680953117", this, "Click to show all stack frames", "Click to hide stack frames")'>Click to show all stack frames</a>
<div class='stack-trace' id='stack-trace1680953117'><pre>java.lang.NullPointerException
	at tests.UserLogOut.closeBrowser(UserLogOut.java:38)
	at sun.reflect.NativeMethodAccessorImpl.invoke0(Native Method)
	at sun.reflect.NativeMethodAccessorImpl.invoke(NativeMethodAccessorImpl.java:62)
	at sun.reflect.DelegatingMethodAccessorImpl.invoke(DelegatingMethodAccessorImpl.java:43)
	at java.lang.reflect.Method.invoke(Method.java:497)
	at org.testng.internal.MethodInvocationHelper.invokeMethod(MethodInvocationHelper.java:84)
	at org.testng.internal.Invoker.invokeConfigurationMethod(Invoker.java:564)
	at org.testng.internal.Invoker.invokeConfigurations(Invoker.java:213)
	at org.testng.internal.Invoker.invokeMethod(Invoker.java:786)
	at org.testng.internal.Invoker.invokeTestMethod(Invoker.java:901)
	at org.testng.internal.Invoker.invokeTestMethods(Invoker.java:1231)
	at org.testng.internal.TestMethodWorker.invokeTestMethods(TestMethodWorker.java:127)
	at org.testng.internal.TestMethodWorker.run(TestMethodWorker.java:111)
	at org.testng.TestRunner.privateRun(TestRunner.java:767)
	at org.testng.TestRunner.run(TestRunner.java:617)
	at org.testng.SuiteRunner.runTest(SuiteRunner.java:334)
	at org.testng.SuiteRunner.access$000(SuiteRunner.java:37)
	at org.testng.SuiteRunner$SuiteWorker.run(SuiteRunner.java:368)
	at org.testng.internal.thread.ThreadUtil$2.call(ThreadUtil.java:64)
	at java.util.concurrent.FutureTask.run(FutureTask.java:266)
	at java.util.concurrent.ThreadPoolExecutor.runWorker(ThreadPoolExecutor.java:1142)
	at java.util.concurrent.ThreadPoolExecutor$Worker.run(ThreadPoolExecutor.java:617)
	at java.lang.Thread.run(Thread.java:745)
</pre></div></td>
<td>0</td>
<td>tests.UserLogOut@6d8a00e3</td></tr>
</table><p>
<table width='100%' border='1' class='invocation-failed'>
<tr><td colspan='4' align='center'><b>FAILED TESTS</b></td></tr>
<tr><td><b>Test method</b></td>
<td width="30%"><b>Exception</b></td>
<td width="10%"><b>Time (seconds)</b></td>
<td><b>Instance</b></td>
</tr>
<tr>
<td title='tests.UserLogOut.UserLogOutTest()'><b>UserLogOutTest</b><br>Test class: tests.UserLogOut<br>Parameters: firefox</td>
<td><div><pre>org.openqa.selenium.WebDriverException: Failed to connect to binary FirefoxBinary(C:\Program Files (x86)\Mozilla Firefox\firefox.exe) on port 7055; process output follows: 
,&quot;icon64URL&quot;:null,&quot;defaultLocale&quot;:{&quot;name&quot;:&quot;Norton Toolbar&quot;,&quot;description&quot;:&quot;Symantec Corporation&quot;,&quot;creator&quot;:&quot;Symantec Corporation&quot;,&quot;homepageURL&quot;:&quot;http://www.symantec.com&quot;},&quot;visible&quot;:true,&quot;active&quot;:false,&quot;userDisabled&quot;:true,&quot;appDisabled&quot;:true,&quot;descriptor&quot;:&quot;C:\\ProgramData\\Norton\\{0C55C096-0F1D-4F28-AAA2-85EF591126E7}\\NIS_18.1.0.37\\coFFPlgn_2011_7_13_2&quot;,&quot;installDate&quot;:1433763530136,&quot;updateDate&quot;:1433763530136,&quot;applyBackgroundUpdates&quot;:1,&quot;bootstrap&quot;:false,&quot;size&quot;:879317,&quot;sourceURI&quot;:null,&quot;releaseNotesURI&quot;:null,&quot;softDisabled&quot;:false,&quot;foreignInstall&quot;:true,&quot;hasBinaryComponents&quot;:true,&quot;strictCompatibility&quot;:false,&quot;locales&quot;:[],&quot;targetApplications&quot;:[{&quot;id&quot;:&quot;{ec8030f7-c20a-464f-9b0e-13a3a9e97384}&quot;,&quot;minVersion&quot;:&quot;14.0&quot;,&quot;maxVersion&quot;:&quot;16.*&quot;}],&quot;targetPlatforms&quot;:[],&quot;multiprocessCompatible&quot;:false}
1433776650050	addons.xpi	DEBUG	Updating database with changes to installed add-ons
1433776650050	addons.xpi-utils	DEBUG	Updating add-on states
1433776650051	addons.xpi-utils	DEBUG	Writing add-ons list
1433776650053	addons.xpi	DEBUG	Registering manifest for C:\Program Files (x86)\Mozilla Firefox\browser\extensions\{82AF8DCA-6DE9-405D-BD5E-43525BDAD38A}.xpi
1433776650054	addons.xpi	DEBUG	Calling bootstrap method startup on {82AF8DCA-6DE9-405D-BD5E-43525BDAD38A} version 7.4.0.9058
1433776650113	addons.manager	DEBUG	Registering shutdown blocker for XPIProvider
1433776650113	addons.manager	DEBUG	Provider finished startup: XPIProvider
1433776650113	addons.manager	DEBUG	Starting provider: LightweightThemeManager
1433776650113	addons.manager	DEBUG	Registering shutdown blocker for LightweightThemeManager
1433776650113	addons.manager	DEBUG	Provider finished startup: LightweightThemeManager
1433776650114	addons.manager	DEBUG	Starting provider: GMPProvider
1433776650117	addons.manager	DEBUG	Registering shutdown blocker for GMPProvider
1433776650118	addons.manager	DEBUG	Provider finished startup: GMPProvider
1433776650118	addons.manager	DEBUG	Starting provider: PluginProvider
1433776650118	addons.manager	DEBUG	Registering shutdown blocker for PluginProvider
1433776650119	addons.manager	DEBUG	Provider finished startup: PluginProvider
1433776650119	addons.manager	DEBUG	Completed startup sequence
1433776652366	addons.manager	DEBUG	Starting provider: &lt;unnamed-provider&gt;
1433776652367	addons.manager	DEBUG	Registering shutdown blocker for &lt;unnamed-provider&gt;
1433776652367	addons.manager	DEBUG	Provider finished startup: &lt;unnamed-provider&gt;
1433776652632	DeferredSave.extensions.json	DEBUG	Starting timer
1433776654814	DeferredSave.extensions.json	DEBUG	Starting write
1433776654868	addons.manager	DEBUG	shutdown
1433776654868	addons.manager	DEBUG	Calling shutdown blocker for XPIProvider
1433776654868	addons.xpi	DEBUG	shutdown
1433776654869	addons.xpi-utils	DEBUG	shutdown
1433776654869	addons.manager	DEBUG	Calling shutdown blocker for LightweightThemeManager
1433776654870	addons.manager	DEBUG	Calling shutdown blocker for GMPProvider
1433776654871	addons.manager	DEBUG	Calling shutdown blocker for PluginProvider
1433776654871	addons.manager	DEBUG	Calling shutdown blocker for &lt;unnamed-provider&gt;
1433776655341	DeferredSave.extensions.json	DEBUG	Write succeeded
1433776655341	addons.xpi-utils	DEBUG	XPI Database saved, setting schema version preference to 16
1433776655342	addons.xpi	DEBUG	Notifying XPI shutdown observers
1433776655347	addons.manager	DEBUG	Async provider shutdown done
JavaScript error: resource://gre/modules/BookmarkHTMLUtils.jsm, line 897: NS_ERROR_UNEXPECTED: Component returned failure code: 0x8000ffff (NS_ERROR_UNEXPECTED) [nsINavBookmarksService.removeFolderChildren]
JavaScript error: resource://gre/modules/BookmarkHTMLUtils.jsm, line 897: NS_ERROR_UNEXPECTED: Component returned failure code: 0x8000ffff (NS_ERROR_UNEXPECTED) [nsINavBookmarksService.removeFolderChildren]
JavaScript error: jar:file:///C:/Program%20Files%20(x86)/Mozilla%20Firefox/browser/omni.ja!/components/nsBrowserGlue.js, line 1890: NS_ERROR_UNEXPECTED: Component returned failure code: 0x8000ffff (NS_ERROR_UNEXPECTED) [nsIAnnotationService.getItemsWithAnnotation]

Build info: version: &apos;2.45.0&apos;, revision: &apos;5017cb8e7ca8e37638dc3091b2440b90a1d8686f&apos;, time: &apos;2015-02-27 09:10:26&apos;
System info: host: &apos;GSOD-NBRYANT&apos;, ip: &apos;10.238.242.250&apos;, os.name: &apos;Windows 7&apos;, os.arch: &apos;amd64&apos;, os.version: &apos;6.1&apos;, java.version: &apos;1.8.0_40&apos;
Driver info: driver.version: FirefoxDriver
	at org.openqa.selenium.firefox.internal.NewProfileExtensionConnection.start(NewProfileExtensionConnection.java:134)
	at org.openqa.selenium.firefox.FirefoxDriver.startClient(FirefoxDriver.java:246)
	at org.openqa.selenium.remote.RemoteWebDriver.&lt;init&gt;(RemoteWebDriver.java:114)
	at org.openqa.selenium.firefox.FirefoxDriver.&lt;init&gt;(FirefoxDriver.java:191)
	at org.openqa.selenium.firefox.FirefoxDriver.&lt;init&gt;(FirefoxDriver.java:186)
	at org.openqa.selenium.firefox.FirefoxDriver.&lt;init&gt;(FirefoxDriver.java:182)
	at org.openqa.selenium.firefox.FirefoxDriver.&lt;init&gt;(FirefoxDriver.java:95)
	at setup.BaseClass.Setup(BaseClass.java:118)
	at tests.UserLogOut.UserLogOutTest(UserLogOut.java:25)
	at java.util.concurrent.FutureTask.run(FutureTask.java:266)
	at java.util.concurrent.ThreadPoolExecutor.runWorker(ThreadPoolExecutor.java:1142)
	at java.util.concurrent.ThreadPoolExecutor$Worker.run(ThreadPoolExecutor.java:617)
	at java.lang.Thread.run(Thread.java:745)
Caused by: org.openqa.selenium.WebDriverException: java.lang.InterruptedException: Process timed out after waiting for 45000 ms.
Build info: version: &apos;2.45.0&apos;, revision: &apos;5017cb8e7ca8e37638dc3091b2440b90a1d8686f&apos;, time: &apos;2015-02-27 09:10:26&apos;
System info: host: &apos;GSOD-NBRYANT&apos;, ip: &apos;10.238.242.250&apos;, os.name: &apos;Windows 7&apos;, os.arch: &apos;amd64&apos;, os.version: &apos;6.1&apos;, java.version: &apos;1.8.0_40&apos;
Driver info: driver.version: FirefoxDriver
	at org.openqa.selenium.os.CommandLine.waitFor(CommandLine.java:131)
	at org.openqa.selenium.firefox.FirefoxBinary.waitFor(FirefoxBinary.java:222)
	at org.openqa.selenium.firefox.FirefoxBinary.clean(FirefoxBinary.java:242)
	at org.openqa.selenium.firefox.internal.NewProfileExtensionConnection.start(NewProfileExtensionConnection.java:91)
	... 28 more
Caused by: java.lang.InterruptedException: Process timed out after waiting for 45000 ms.
	at org.openqa.selenium.os.UnixProcess.waitFor(UnixProcess.java:148)
	at org.openqa.selenium.os.CommandLine.waitFor(CommandLine.java:129)
	... 31 more
... Removed 16 stack frames</pre></div><a href='#' onClick='toggleBox("stack-trace1191788191", this, "Click to show all stack frames", "Click to hide stack frames")'>Click to show all stack frames</a>
<div class='stack-trace' id='stack-trace1191788191'><pre>org.openqa.selenium.WebDriverException: Failed to connect to binary FirefoxBinary(C:\Program Files (x86)\Mozilla Firefox\firefox.exe) on port 7055; process output follows: 
,&quot;icon64URL&quot;:null,&quot;defaultLocale&quot;:{&quot;name&quot;:&quot;Norton Toolbar&quot;,&quot;description&quot;:&quot;Symantec Corporation&quot;,&quot;creator&quot;:&quot;Symantec Corporation&quot;,&quot;homepageURL&quot;:&quot;http://www.symantec.com&quot;},&quot;visible&quot;:true,&quot;active&quot;:false,&quot;userDisabled&quot;:true,&quot;appDisabled&quot;:true,&quot;descriptor&quot;:&quot;C:\\ProgramData\\Norton\\{0C55C096-0F1D-4F28-AAA2-85EF591126E7}\\NIS_18.1.0.37\\coFFPlgn_2011_7_13_2&quot;,&quot;installDate&quot;:1433763530136,&quot;updateDate&quot;:1433763530136,&quot;applyBackgroundUpdates&quot;:1,&quot;bootstrap&quot;:false,&quot;size&quot;:879317,&quot;sourceURI&quot;:null,&quot;releaseNotesURI&quot;:null,&quot;softDisabled&quot;:false,&quot;foreignInstall&quot;:true,&quot;hasBinaryComponents&quot;:true,&quot;strictCompatibility&quot;:false,&quot;locales&quot;:[],&quot;targetApplications&quot;:[{&quot;id&quot;:&quot;{ec8030f7-c20a-464f-9b0e-13a3a9e97384}&quot;,&quot;minVersion&quot;:&quot;14.0&quot;,&quot;maxVersion&quot;:&quot;16.*&quot;}],&quot;targetPlatforms&quot;:[],&quot;multiprocessCompatible&quot;:false}
1433776650050	addons.xpi	DEBUG	Updating database with changes to installed add-ons
1433776650050	addons.xpi-utils	DEBUG	Updating add-on states
1433776650051	addons.xpi-utils	DEBUG	Writing add-ons list
1433776650053	addons.xpi	DEBUG	Registering manifest for C:\Program Files (x86)\Mozilla Firefox\browser\extensions\{82AF8DCA-6DE9-405D-BD5E-43525BDAD38A}.xpi
1433776650054	addons.xpi	DEBUG	Calling bootstrap method startup on {82AF8DCA-6DE9-405D-BD5E-43525BDAD38A} version 7.4.0.9058
1433776650113	addons.manager	DEBUG	Registering shutdown blocker for XPIProvider
1433776650113	addons.manager	DEBUG	Provider finished startup: XPIProvider
1433776650113	addons.manager	DEBUG	Starting provider: LightweightThemeManager
1433776650113	addons.manager	DEBUG	Registering shutdown blocker for LightweightThemeManager
1433776650113	addons.manager	DEBUG	Provider finished startup: LightweightThemeManager
1433776650114	addons.manager	DEBUG	Starting provider: GMPProvider
1433776650117	addons.manager	DEBUG	Registering shutdown blocker for GMPProvider
1433776650118	addons.manager	DEBUG	Provider finished startup: GMPProvider
1433776650118	addons.manager	DEBUG	Starting provider: PluginProvider
1433776650118	addons.manager	DEBUG	Registering shutdown blocker for PluginProvider
1433776650119	addons.manager	DEBUG	Provider finished startup: PluginProvider
1433776650119	addons.manager	DEBUG	Completed startup sequence
1433776652366	addons.manager	DEBUG	Starting provider: &lt;unnamed-provider&gt;
1433776652367	addons.manager	DEBUG	Registering shutdown blocker for &lt;unnamed-provider&gt;
1433776652367	addons.manager	DEBUG	Provider finished startup: &lt;unnamed-provider&gt;
1433776652632	DeferredSave.extensions.json	DEBUG	Starting timer
1433776654814	DeferredSave.extensions.json	DEBUG	Starting write
1433776654868	addons.manager	DEBUG	shutdown
1433776654868	addons.manager	DEBUG	Calling shutdown blocker for XPIProvider
1433776654868	addons.xpi	DEBUG	shutdown
1433776654869	addons.xpi-utils	DEBUG	shutdown
1433776654869	addons.manager	DEBUG	Calling shutdown blocker for LightweightThemeManager
1433776654870	addons.manager	DEBUG	Calling shutdown blocker for GMPProvider
1433776654871	addons.manager	DEBUG	Calling shutdown blocker for PluginProvider
1433776654871	addons.manager	DEBUG	Calling shutdown blocker for &lt;unnamed-provider&gt;
1433776655341	DeferredSave.extensions.json	DEBUG	Write succeeded
1433776655341	addons.xpi-utils	DEBUG	XPI Database saved, setting schema version preference to 16
1433776655342	addons.xpi	DEBUG	Notifying XPI shutdown observers
1433776655347	addons.manager	DEBUG	Async provider shutdown done
JavaScript error: resource://gre/modules/BookmarkHTMLUtils.jsm, line 897: NS_ERROR_UNEXPECTED: Component returned failure code: 0x8000ffff (NS_ERROR_UNEXPECTED) [nsINavBookmarksService.removeFolderChildren]
JavaScript error: resource://gre/modules/BookmarkHTMLUtils.jsm, line 897: NS_ERROR_UNEXPECTED: Component returned failure code: 0x8000ffff (NS_ERROR_UNEXPECTED) [nsINavBookmarksService.removeFolderChildren]
JavaScript error: jar:file:///C:/Program%20Files%20(x86)/Mozilla%20Firefox/browser/omni.ja!/components/nsBrowserGlue.js, line 1890: NS_ERROR_UNEXPECTED: Component returned failure code: 0x8000ffff (NS_ERROR_UNEXPECTED) [nsIAnnotationService.getItemsWithAnnotation]

Build info: version: &apos;2.45.0&apos;, revision: &apos;5017cb8e7ca8e37638dc3091b2440b90a1d8686f&apos;, time: &apos;2015-02-27 09:10:26&apos;
System info: host: &apos;GSOD-NBRYANT&apos;, ip: &apos;10.238.242.250&apos;, os.name: &apos;Windows 7&apos;, os.arch: &apos;amd64&apos;, os.version: &apos;6.1&apos;, java.version: &apos;1.8.0_40&apos;
Driver info: driver.version: FirefoxDriver
	at org.openqa.selenium.firefox.internal.NewProfileExtensionConnection.start(NewProfileExtensionConnection.java:134)
	at org.openqa.selenium.firefox.FirefoxDriver.startClient(FirefoxDriver.java:246)
	at org.openqa.selenium.remote.RemoteWebDriver.&lt;init&gt;(RemoteWebDriver.java:114)
	at org.openqa.selenium.firefox.FirefoxDriver.&lt;init&gt;(FirefoxDriver.java:191)
	at org.openqa.selenium.firefox.FirefoxDriver.&lt;init&gt;(FirefoxDriver.java:186)
	at org.openqa.selenium.firefox.FirefoxDriver.&lt;init&gt;(FirefoxDriver.java:182)
	at org.openqa.selenium.firefox.FirefoxDriver.&lt;init&gt;(FirefoxDriver.java:95)
	at setup.BaseClass.Setup(BaseClass.java:118)
	at tests.UserLogOut.UserLogOutTest(UserLogOut.java:25)
	at sun.reflect.NativeMethodAccessorImpl.invoke0(Native Method)
	at sun.reflect.NativeMethodAccessorImpl.invoke(NativeMethodAccessorImpl.java:62)
	at sun.reflect.DelegatingMethodAccessorImpl.invoke(DelegatingMethodAccessorImpl.java:43)
	at java.lang.reflect.Method.invoke(Method.java:497)
	at org.testng.internal.MethodInvocationHelper.invokeMethod(MethodInvocationHelper.java:84)
	at org.testng.internal.Invoker.invokeMethod(Invoker.java:714)
	at org.testng.internal.Invoker.invokeTestMethod(Invoker.java:901)
	at org.testng.internal.Invoker.invokeTestMethods(Invoker.java:1231)
	at org.testng.internal.TestMethodWorker.invokeTestMethods(TestMethodWorker.java:127)
	at org.testng.internal.TestMethodWorker.run(TestMethodWorker.java:111)
	at org.testng.TestRunner.privateRun(TestRunner.java:767)
	at org.testng.TestRunner.run(TestRunner.java:617)
	at org.testng.SuiteRunner.runTest(SuiteRunner.java:334)
	at org.testng.SuiteRunner.access$000(SuiteRunner.java:37)
	at org.testng.SuiteRunner$SuiteWorker.run(SuiteRunner.java:368)
	at org.testng.internal.thread.ThreadUtil$2.call(ThreadUtil.java:64)
	at java.util.concurrent.FutureTask.run(FutureTask.java:266)
	at java.util.concurrent.ThreadPoolExecutor.runWorker(ThreadPoolExecutor.java:1142)
	at java.util.concurrent.ThreadPoolExecutor$Worker.run(ThreadPoolExecutor.java:617)
	at java.lang.Thread.run(Thread.java:745)
Caused by: org.openqa.selenium.WebDriverException: java.lang.InterruptedException: Process timed out after waiting for 45000 ms.
Build info: version: &apos;2.45.0&apos;, revision: &apos;5017cb8e7ca8e37638dc3091b2440b90a1d8686f&apos;, time: &apos;2015-02-27 09:10:26&apos;
System info: host: &apos;GSOD-NBRYANT&apos;, ip: &apos;10.238.242.250&apos;, os.name: &apos;Windows 7&apos;, os.arch: &apos;amd64&apos;, os.version: &apos;6.1&apos;, java.version: &apos;1.8.0_40&apos;
Driver info: driver.version: FirefoxDriver
	at org.openqa.selenium.os.CommandLine.waitFor(CommandLine.java:131)
	at org.openqa.selenium.firefox.FirefoxBinary.waitFor(FirefoxBinary.java:222)
	at org.openqa.selenium.firefox.FirefoxBinary.clean(FirefoxBinary.java:242)
	at org.openqa.selenium.firefox.internal.NewProfileExtensionConnection.start(NewProfileExtensionConnection.java:91)
	... 28 more
Caused by: java.lang.InterruptedException: Process timed out after waiting for 45000 ms.
	at org.openqa.selenium.os.UnixProcess.waitFor(UnixProcess.java:148)
	at org.openqa.selenium.os.CommandLine.waitFor(CommandLine.java:129)
	... 31 more
</pre></div></td>
<td>51</td>
<td>tests.UserLogOut@6d8a00e3</td></tr>
</table><p>
</body>
</html>